<?xml version="1.0" encoding="UTF-8"?>
<!-- Generated by org.testng.reporters.JUnitReportReporter -->
<testsuite hostname="PORCHELVAN27" failures="0" tests="1" name="com.testng.Timeout_Test" time="4.523" errors="0" timestamp="2022-07-13T19:36:59 IST" skipped="0">
  <testcase classname="com.testng.Timeout_Test" name="Login" time="4.523"/>
  <system-out/>
</testsuite> <!-- com.testng.Timeout_Test -->
