<?xml version="1.0" encoding="UTF-8"?>
<!-- Generated by org.testng.reporters.JUnitReportReporter -->
<testsuite hostname="PORCHELVAN27" failures="0" tests="1" name="com.testng.Expected_Exception" time="0.010" errors="0" timestamp="2022-07-13T19:11:38 IST" skipped="0">
  <testcase classname="com.testng.Expected_Exception" name="Math" time="0.010"/>
  <system-out/>
</testsuite> <!-- com.testng.Expected_Exception -->
