<?xml version="1.0" encoding="UTF-8"?>
<!-- Generated by org.testng.reporters.JUnitReportReporter -->
<testsuite hostname="PORCHELVAN27" failures="0" tests="3" name="com.testng.Ignore_Test" time="0.016" errors="0" timestamp="2022-07-12T19:09:17 IST" skipped="1">
  <testcase classname="com.testng.Ignore_Test" name="tshirt" time="0.004"/>
  <system-out/>
  <testcase classname="com.testng.Ignore_Test" name="Women" time="0.012"/>
  <system-out/>
  <testcase classname="com.testng.Ignore_Test" name="men">
    <skipped/>
  </testcase> <!-- men -->
  <system-out/>
</testsuite> <!-- com.testng.Ignore_Test -->
