<?xml version="1.0" encoding="UTF-8"?>
<!-- Generated by org.testng.reporters.JUnitReportReporter -->
<testsuite hostname="PORCHELVAN27" failures="0" tests="1" name="com.testng.Parameterized_Test" time="0.009" errors="0" timestamp="2022-07-15T20:30:23 IST" skipped="0">
  <testcase classname="com.testng.Parameterized_Test" name="credentials" time="0.009"/>
  <system-out/>
</testsuite> <!-- com.testng.Parameterized_Test -->
