<?xml version="1.0" encoding="UTF-8"?>
<!-- Generated by org.testng.reporters.JUnitReportReporter -->
<testsuite hostname="PORCHELVAN27" failures="0" tests="4" name="com.testng.Dependency_Test" time="0.023" errors="0" timestamp="2022-07-13T19:25:43 IST" skipped="0">
  <testcase classname="com.testng.Dependency_Test" name="setProperty" time="0.012"/>
  <system-out/>
  <testcase classname="com.testng.Dependency_Test" name="login_Page" time="0.004"/>
  <system-out/>
  <testcase classname="com.testng.Dependency_Test" name="browser_Launch" time="0.003"/>
  <system-out/>
  <testcase classname="com.testng.Dependency_Test" name="url_Launch" time="0.004"/>
  <system-out/>
</testsuite> <!-- com.testng.Dependency_Test -->
