<?xml version="1.0" encoding="UTF-8"?>
<!-- Generated by org.testng.reporters.JUnitReportReporter -->
<testsuite hostname="PORCHELVAN27" failures="0" tests="3" name="com.testng.Simple_Annotations" time="0.020" errors="0" timestamp="2022-07-15T20:29:44 IST" skipped="0">
  <testcase classname="com.testng.Simple_Annotations" name="women" time="0.005"/>
  <system-out/>
  <testcase classname="com.testng.Simple_Annotations" name="dresses" time="0.009"/>
  <system-out/>
  <testcase classname="com.testng.Simple_Annotations" name="tshirts" time="0.006"/>
  <system-out/>
</testsuite> <!-- com.testng.Simple_Annotations -->
