<?xml version="1.0" encoding="UTF-8"?>
<!-- Generated by org.testng.reporters.JUnitReportReporter -->
<testsuite hostname="PORCHELVAN27" failures="0" tests="5" name="com.testng.Priority_Test" time="0.024" errors="0" timestamp="2022-07-12T19:16:33 IST" skipped="0">
  <testcase classname="com.testng.Priority_Test" name="setProperty" time="0.012"/>
  <system-out/>
  <testcase classname="com.testng.Priority_Test" name="browser_Launch" time="0.004"/>
  <system-out/>
  <testcase classname="com.testng.Priority_Test" name="url_Launch" time="0.004"/>
  <system-out/>
  <testcase classname="com.testng.Priority_Test" name="women" time="0.002"/>
  <system-out/>
  <testcase classname="com.testng.Priority_Test" name="dresses" time="0.002"/>
  <system-out/>
</testsuite> <!-- com.testng.Priority_Test -->
