<?xml version="1.0" encoding="UTF-8"?>
<!-- Generated by org.testng.reporters.JUnitReportReporter -->
<testsuite hostname="PORCHELVAN27" failures="0" tests="4" name="com.testng.Grouping_Test" time="0.018" errors="0" timestamp="2022-07-15T20:20:51 IST" skipped="0">
  <testcase classname="com.testng.Grouping_Test" name="wynk" time="0.002"/>
  <system-out/>
  <testcase classname="com.testng.Grouping_Test" name="dresses" time="0.009"/>
  <system-out/>
  <testcase classname="com.testng.Grouping_Test" name="tshirt" time="0.003"/>
  <system-out/>
  <testcase classname="com.testng.Grouping_Test" name="spotify" time="0.004"/>
  <system-out/>
</testsuite> <!-- com.testng.Grouping_Test -->
