<?xml version="1.0" encoding="UTF-8"?>
<!-- Generated by org.testng.reporters.JUnitReportReporter -->
<testsuite hostname="PORCHELVAN27" failures="0" tests="7" name="com.testng.Invocation_Count" time="0.026" errors="0" timestamp="2022-07-12T19:23:56 IST" skipped="0">
  <testcase classname="com.testng.Invocation_Count" name="setProperty" time="0.011"/>
  <system-out/>
  <testcase classname="com.testng.Invocation_Count" name="browser_Launch" time="0.003"/>
  <system-out/>
  <testcase classname="com.testng.Invocation_Count" name="url_Launch" time="0.002"/>
  <system-out/>
  <testcase classname="com.testng.Invocation_Count" name="refresh" time="0.002"/>
  <system-out/>
  <testcase classname="com.testng.Invocation_Count" name="refresh" time="0.003"/>
  <system-out/>
  <testcase classname="com.testng.Invocation_Count" name="refresh" time="0.002"/>
  <system-out/>
  <testcase classname="com.testng.Invocation_Count" name="refresh" time="0.003"/>
  <system-out/>
</testsuite> <!-- com.testng.Invocation_Count -->
