<?xml version="1.0" encoding="UTF-8"?>
<!-- Generated by org.testng.reporters.JUnitReportReporter -->
<testsuite hostname="PORCHELVAN27" failures="0" tests="1" name="com.testng.Assert_Test" time="0.016" errors="0" timestamp="2022-07-15T20:01:02 IST" skipped="0">
  <testcase classname="com.testng.Assert_Test" name="Demo" time="0.016"/>
  <system-out/>
</testsuite> <!-- com.testng.Assert_Test -->
